<?xml version="1.0" encoding="UTF-8"?>
<!-- Generated by org.testng.reporters.JUnitReportReporter -->
<testsuite hostname="DESKTOP-05NMO44" failures="0" tests="1" name="com.advic.TestLogPage" time="8.679" errors="0" timestamp="2023-12-08T20:08:03 IST" skipped="0">
  <testcase classname="com.advic.TestLogPage" name="Test" time="8.679"/>
  <system-out/>
</testsuite> <!-- com.advic.TestLogPage -->
